0 info it worked if it ends with ok
1 verbose cli [ '/Users/benjaminsoung/.nvm/versions/node/v7.0.0/bin/node',
1 verbose cli   '/Users/benjaminsoung/.nvm/versions/node/v7.0.0/bin/npm',
1 verbose cli   'run',
1 verbose cli   'start' ]
2 info using npm@4.0.5
3 info using node@v7.0.0
4 verbose run-script [ 'prestart', 'start', 'poststart' ]
5 info lifecycle project-what-have-you-done@0.0.0~prestart: project-what-have-you-done@0.0.0
6 silly lifecycle project-what-have-you-done@0.0.0~prestart: no script for prestart, continuing
7 info lifecycle project-what-have-you-done@0.0.0~start: project-what-have-you-done@0.0.0
8 verbose lifecycle project-what-have-you-done@0.0.0~start: unsafe-perm in lifecycle true
9 verbose lifecycle project-what-have-you-done@0.0.0~start: PATH: /Users/benjaminsoung/.nvm/versions/node/v7.0.0/lib/node_modules/npm/bin/node-gyp-bin:/Users/benjaminsoung/web-dev/viking/project_what_have_you_done/node_modules/.bin:/Users/benjaminsoung/.rvm/gems/ruby-2.4.0/bin:/Users/benjaminsoung/.rvm/gems/ruby-2.4.0@global/bin:/Users/benjaminsoung/.rvm/rubies/ruby-2.4.0/bin:/Users/benjaminsoung/.nvm/versions/node/v7.0.0/bin:/usr/local/bin:/Library/Frameworks/Python.framework/Versions/3.5/bin:/usr/bin:/bin:/usr/sbin:/sbin:/usr/local/bin:/Applications/Postgres.app/Contents/Versions/latest/bin:/Users/benjaminsoung/bin:/Users/benjaminsoung/.rvm/bin
10 verbose lifecycle project-what-have-you-done@0.0.0~start: CWD: /Users/benjaminsoung/web-dev/viking/project_what_have_you_done
11 silly lifecycle project-what-have-you-done@0.0.0~start: Args: [ '-c', 'node ./bin/www' ]
12 silly lifecycle project-what-have-you-done@0.0.0~start: Returned: code: 1  signal: null
13 info lifecycle project-what-have-you-done@0.0.0~start: Failed to exec start script
14 verbose stack Error: project-what-have-you-done@0.0.0 start: `node ./bin/www`
14 verbose stack Exit status 1
14 verbose stack     at EventEmitter.<anonymous> (/Users/benjaminsoung/.nvm/versions/node/v7.0.0/lib/node_modules/npm/lib/utils/lifecycle.js:279:16)
14 verbose stack     at emitTwo (events.js:106:13)
14 verbose stack     at EventEmitter.emit (events.js:191:7)
14 verbose stack     at ChildProcess.<anonymous> (/Users/benjaminsoung/.nvm/versions/node/v7.0.0/lib/node_modules/npm/lib/utils/spawn.js:40:14)
14 verbose stack     at emitTwo (events.js:106:13)
14 verbose stack     at ChildProcess.emit (events.js:191:7)
14 verbose stack     at maybeClose (internal/child_process.js:877:16)
14 verbose stack     at Process.ChildProcess._handle.onexit (internal/child_process.js:226:5)
15 verbose pkgid project-what-have-you-done@0.0.0
16 verbose cwd /Users/benjaminsoung/web-dev/viking/project_what_have_you_done
17 error Darwin 16.4.0
18 error argv "/Users/benjaminsoung/.nvm/versions/node/v7.0.0/bin/node" "/Users/benjaminsoung/.nvm/versions/node/v7.0.0/bin/npm" "run" "start"
19 error node v7.0.0
20 error npm  v4.0.5
21 error code ELIFECYCLE
22 error project-what-have-you-done@0.0.0 start: `node ./bin/www`
22 error Exit status 1
23 error Failed at the project-what-have-you-done@0.0.0 start script 'node ./bin/www'.
23 error Make sure you have the latest version of node.js and npm installed.
23 error If you do, this is most likely a problem with the project-what-have-you-done package,
23 error not with npm itself.
23 error Tell the author that this fails on your system:
23 error     node ./bin/www
23 error You can get information on how to open an issue for this project with:
23 error     npm bugs project-what-have-you-done
23 error Or if that isn't available, you can get their info via:
23 error     npm owner ls project-what-have-you-done
23 error There is likely additional logging output above.
24 verbose exit [ 1, true ]
